0 info it worked if it ends with ok
1 verbose cli [ 'node', '/usr/local/bin/npm', 'publish' ]
2 info using npm@2.13.1
3 info using node@v0.12.5
4 verbose publish [ '.' ]
5 silly cache add args [ '.', null ]
6 verbose cache add spec .
7 silly cache add parsed spec { raw: '.',
7 silly cache add   scope: null,
7 silly cache add   name: null,
7 silly cache add   rawSpec: '.',
7 silly cache add   spec: '/Users/edwinhidalgo/how_to_npm',
7 silly cache add   type: 'directory' }
8 verbose addLocalDirectory /Users/edwinhidalgo/.npm/edwin/1.0.5/package.tgz not in flight; packing
9 verbose tar pack [ '/Users/edwinhidalgo/.npm/edwin/1.0.5/package.tgz',
9 verbose tar pack   '/Users/edwinhidalgo/how_to_npm' ]
10 verbose tarball /Users/edwinhidalgo/.npm/edwin/1.0.5/package.tgz
11 verbose folder /Users/edwinhidalgo/how_to_npm
12 info prepublish edwin@1.0.5
13 verbose addLocalTarball adding from inside cache /Users/edwinhidalgo/.npm/edwin/1.0.5/package.tgz
14 silly cache afterAdd edwin@1.0.5
15 verbose afterAdd /Users/edwinhidalgo/.npm/edwin/1.0.5/package/package.json not in flight; writing
16 verbose afterAdd /Users/edwinhidalgo/.npm/edwin/1.0.5/package/package.json written
17 silly publish { name: 'edwin',
17 silly publish   version: '1.0.5',
17 silly publish   description: 'yoyyooyoyoyoyoyy',
17 silly publish   repository:
17 silly publish    { type: 'git',
17 silly publish      url: 'git+https://github.com/EHidalgo45/how-to-npm.git' },
17 silly publish   main: 'index.js',
17 silly publish   scripts: { test: 'node test.js' },
17 silly publish   author: '',
17 silly publish   license: 'ISC',
17 silly publish   dependencies: { '@linclark/pkg': '^1.0.2' },
17 silly publish   devDependencies: {},
17 silly publish   bugs: { url: 'https://github.com/EHidalgo45/how-to-npm/issues' },
17 silly publish   homepage: 'https://github.com/EHidalgo45/how-to-npm#readme',
17 silly publish   'dist-tag': { oldest: '1.0.0' },
17 silly publish   readme: 'yoyyooyoyoyoyoyy new version',
17 silly publish   readmeFilename: 'README.md',
17 silly publish   gitHead: '52a260c20c0ccd67506b7b36dd2cf0c89f8203e7',
17 silly publish   _id: 'edwin@1.0.5',
17 silly publish   _shasum: 'd440507934c22a463bfb55b4e9415322a8d47f53',
17 silly publish   _from: '.' }
18 verbose getPublishConfig undefined
19 silly mapToRegistry name edwin
20 silly mapToRegistry using default registry
21 silly mapToRegistry registry http://localhost:15443/
22 silly mapToRegistry uri http://localhost:15443/edwin
23 verbose publish registryBase http://localhost:15443/
24 silly publish uploading /Users/edwinhidalgo/.npm/edwin/1.0.5/package.tgz
25 verbose request uri http://localhost:15443/edwin
26 verbose request sending authorization for write operation
27 info attempt registry request try #1 at 6:57:35 PM
28 verbose request id 6dddc4ad27092e73
29 http request PUT http://localhost:15443/edwin
30 http 404 http://localhost:15443/edwin
31 verbose headers { 'content-type': 'application/json',
31 verbose headers   date: 'Mon, 27 Jul 2015 22:57:35 GMT',
31 verbose headers   connection: 'keep-alive',
31 verbose headers   'transfer-encoding': 'chunked' }
32 verbose request invalidating /Users/edwinhidalgo/.npm/localhost_15443/edwin on PUT
33 error publish Failed PUT 404
34 verbose stack Error: missing : edwin
34 verbose stack     at CachingRegistryClient.<anonymous> (/usr/local/lib/node_modules/npm/node_modules/npm-registry-client/lib/request.js:247:14)
34 verbose stack     at Request._callback (/usr/local/lib/node_modules/npm/node_modules/npm-registry-client/lib/request.js:170:14)
34 verbose stack     at Request.self.callback (/usr/local/lib/node_modules/npm/node_modules/request/request.js:197:22)
34 verbose stack     at Request.emit (events.js:110:17)
34 verbose stack     at Request.<anonymous> (/usr/local/lib/node_modules/npm/node_modules/request/request.js:1050:14)
34 verbose stack     at Request.emit (events.js:129:20)
34 verbose stack     at IncomingMessage.<anonymous> (/usr/local/lib/node_modules/npm/node_modules/request/request.js:996:12)
34 verbose stack     at IncomingMessage.emit (events.js:129:20)
34 verbose stack     at _stream_readable.js:908:16
34 verbose stack     at process._tickCallback (node.js:355:11)
35 verbose statusCode 404
36 verbose pkgid edwin
37 verbose cwd /Users/edwinhidalgo/how_to_npm
38 error Darwin 14.0.0
39 error argv "node" "/usr/local/bin/npm" "publish"
40 error node v0.12.5
41 error npm  v2.13.1
42 error code E404
43 error 404 missing : edwin
43 error 404
43 error 404 'edwin' is not in the npm registry.
43 error 404 You should bug the author to publish it (or use the name yourself!)
43 error 404
43 error 404 Note that you can also install from a
43 error 404 tarball, folder, http url, or git url.
44 verbose exit [ 1, true ]
